<?xml version="1.0" encoding="UTF-8"?>
<testng-results total="1" passed="1" failed="0" skipped="0">
  <reporter-output>
  </reporter-output>
  <suite started-at="2021-07-22T06:01:47Z" name="Surefire suite" finished-at="2021-07-22T06:02:04Z" duration-ms="17630">
    <groups>
      <group name="cucumber">
        <method signature="TestRunner.feature(cucumber.api.testng.CucumberFeatureWrapper)[pri:0, instance:testRunner.TestRunner@1f3f4916]" name="feature" class="testRunner.TestRunner"/>
      </group> <!-- cucumber -->
    </groups>
    <test started-at="2021-07-22T06:01:47Z" name="Surefire test" finished-at="2021-07-22T06:02:04Z" duration-ms="17630">
      <class name="testRunner.TestRunner">
        <test-method is-config="true" signature="setUpClass()[pri:0, instance:testRunner.TestRunner@1f3f4916]" started-at="2021-07-22T11:31:47Z" name="setUpClass" finished-at="2021-07-22T11:31:47Z" duration-ms="269" status="PASS">
          <reporter-output>
          </reporter-output>
        </test-method> <!-- setUpClass -->
        <test-method signature="feature(cucumber.api.testng.CucumberFeatureWrapper)[pri:0, instance:testRunner.TestRunner@1f3f4916]" started-at="2021-07-22T11:31:47Z" name="feature" description="Runs cucumber Features" data-provider="features" finished-at="2021-07-22T11:32:04Z" duration-ms="16567" status="PASS">
          <params>
            <param index="0">
              <value>
                <![CDATA[Covering positive test cases]]>
              </value>
            </param>
          </params>
          <reporter-output>
          </reporter-output>
        </test-method> <!-- feature -->
        <test-method is-config="true" signature="testDownClass()[pri:0, instance:testRunner.TestRunner@1f3f4916]" started-at="2021-07-22T11:32:04Z" name="testDownClass" finished-at="2021-07-22T11:32:04Z" duration-ms="691" status="PASS">
          <reporter-output>
          </reporter-output>
        </test-method> <!-- testDownClass -->
      </class> <!-- testRunner.TestRunner -->
    </test> <!-- Surefire test -->
  </suite> <!-- Surefire suite -->
</testng-results>
